# JRE version: Java(TM) SE Runtime Environment (8.0_152-b16) (build 1.8.0_152-b16)
# Java VM: Java HotSpot(TM) 64-Bit Server VM (25.152-b16 mixed mode windows-amd64 compressed oops)
Heap:
 PSYoungGen      total 6656K, used 5334K [0x000000076b600000, 0x000000076bf00000, 0x00000007c0000000)
  eden space 5632K, 76% used [0x000000076b600000,0x000000076ba35bf0,0x000000076bb80000)
  from space 1024K, 100% used [0x000000076bd00000,0x000000076be00000,0x000000076be00000)
  to   space 1536K, 0% used [0x000000076bb80000,0x000000076bb80000,0x000000076bd00000)
 ParOldGen       total 5632K, used 1080K [0x00000006c2200000, 0x00000006c2780000, 0x000000076b600000)
  object space 5632K, 19% used [0x00000006c2200000,0x00000006c230e068,0x00000006c2780000)
 Metaspace       used 7228K, capacity 8084K, committed 8448K, reserved 1056768K
  class space    used 884K, capacity 912K, committed 1024K, reserved 1048576K
GC Heap History (10 events):
Event: 0.165 GC heap before
{Heap before GC invocations=2 (full 0):
 PSYoungGen      total 2048K, used 2004K [0x000000076b600000, 0x000000076b880000, 0x00000007c0000000)
  eden space 1536K, 99% used [0x000000076b600000,0x000000076b77d320,0x000000076b780000)
  from space 512K, 93% used [0x000000076b780000,0x000000076b7f8020,0x000000076b800000)
  to   space 512K, 0% used [0x000000076b800000,0x000000076b800000,0x000000076b880000)
 ParOldGen       total 5632K, used 48K [0x00000006c2200000, 0x00000006c2780000, 0x000000076b600000)
  object space 5632K, 0% used [0x00000006c2200000,0x00000006c220c000,0x00000006c2780000)
 Metaspace       used 4076K, capacity 5324K, committed 5504K, reserved 1056768K
  class space    used 483K, capacity 520K, committed 640K, reserved 1048576K
Event: 0.167 GC heap after
Heap after GC invocations=2 (full 0):
 PSYoungGen      total 2048K, used 496K [0x000000076b600000, 0x000000076ba00000, 0x00000007c0000000)
  eden space 1536K, 0% used [0x000000076b600000,0x000000076b600000,0x000000076b780000)
  from space 512K, 96% used [0x000000076b800000,0x000000076b87c030,0x000000076b880000)
  to   space 512K, 0% used [0x000000076b780000,0x000000076b780000,0x000000076b800000)
 ParOldGen       total 5632K, used 112K [0x00000006c2200000, 0x00000006c2780000, 0x000000076b600000)
  object space 5632K, 1% used [0x00000006c2200000,0x00000006c221c000,0x00000006c2780000)
 Metaspace       used 4076K, capacity 5324K, committed 5504K, reserved 1056768K
  class space    used 483K, capacity 520K, committed 640K, reserved 1048576K
}
Event: 0.221 GC heap before
{Heap before GC invocations=3 (full 0):
 PSYoungGen      total 2048K, used 2032K [0x000000076b600000, 0x000000076ba00000, 0x00000007c0000000)
  eden space 1536K, 100% used [0x000000076b600000,0x000000076b780000,0x000000076b780000)
  from space 512K, 96% used [0x000000076b800000,0x000000076b87c030,0x000000076b880000)
  to   space 512K, 0% used [0x000000076b780000,0x000000076b780000,0x000000076b800000)
 ParOldGen       total 5632K, used 112K [0x00000006c2200000, 0x00000006c2780000, 0x000000076b600000)
  object space 5632K, 1% used [0x00000006c2200000,0x00000006c221c000,0x00000006c2780000)
 Metaspace       used 4532K, capacity 5772K, committed 6016K, reserved 1056768K
  class space    used 553K, capacity 584K, committed 640K, reserved 1048576K
Event: 0.222 GC heap after
Heap after GC invocations=3 (full 0):
 PSYoungGen      total 2048K, used 480K [0x000000076b600000, 0x000000076ba00000, 0x00000007c0000000)
  eden space 1536K, 0% used [0x000000076b600000,0x000000076b600000,0x000000076b780000)
  from space 512K, 93% used [0x000000076b780000,0x000000076b7f8020,0x000000076b800000)
  to   space 512K, 0% used [0x000000076b980000,0x000000076b980000,0x000000076ba00000)
 ParOldGen       total 5632K, used 548K [0x00000006c2200000, 0x00000006c2780000, 0x000000076b600000)
  object space 5632K, 9% used [0x00000006c2200000,0x00000006c2289030,0x00000006c2780000)
 Metaspace       used 4532K, capacity 5772K, committed 6016K, reserved 1056768K
  class space    used 553K, capacity 584K, committed 640K, reserved 1048576K
}
Event: 0.250 GC heap before
{Heap before GC invocations=4 (full 0):
 PSYoungGen      total 2048K, used 1957K [0x000000076b600000, 0x000000076ba00000, 0x00000007c0000000)
  eden space 1536K, 96% used [0x000000076b600000,0x000000076b7716c8,0x000000076b780000)
  from space 512K, 93% used [0x000000076b780000,0x000000076b7f8020,0x000000076b800000)
  to   space 512K, 0% used [0x000000076b980000,0x000000076b980000,0x000000076ba00000)
 ParOldGen       total 5632K, used 548K [0x00000006c2200000, 0x00000006c2780000, 0x000000076b600000)
  object space 5632K, 9% used [0x00000006c2200000,0x00000006c2289030,0x00000006c2780000)
 Metaspace       used 5009K, capacity 6220K, committed 6400K, reserved 1056768K
  class space    used 613K, capacity 648K, committed 768K, reserved 1048576K
Event: 0.250 GC heap after
Heap after GC invocations=4 (full 0):
 PSYoungGen      total 3584K, used 511K [0x000000076b600000, 0x000000076ba00000, 0x00000007c0000000)
  eden space 3072K, 0% used [0x000000076b600000,0x000000076b600000,0x000000076b900000)
  from space 512K, 99% used [0x000000076b980000,0x000000076b9ffc30,0x000000076ba00000)
  to   space 512K, 0% used [0x000000076b900000,0x000000076b900000,0x000000076b980000)
 ParOldGen       total 5632K, used 596K [0x00000006c2200000, 0x00000006c2780000, 0x000000076b600000)
  object space 5632K, 10% used [0x00000006c2200000,0x00000006c2295030,0x00000006c2780000)
 Metaspace       used 5009K, capacity 6220K, committed 6400K, reserved 1056768K
  class space    used 613K, capacity 648K, committed 768K, reserved 1048576K
}
Event: 0.306 GC heap before
{Heap before GC invocations=5 (full 0):
 PSYoungGen      total 3584K, used 3583K [0x000000076b600000, 0x000000076ba00000, 0x00000007c0000000)
  eden space 3072K, 100% used [0x000000076b600000,0x000000076b900000,0x000000076b900000)
  from space 512K, 99% used [0x000000076b980000,0x000000076b9ffc30,0x000000076ba00000)
  to   space 512K, 0% used [0x000000076b900000,0x000000076b900000,0x000000076b980000)
 ParOldGen       total 5632K, used 596K [0x00000006c2200000, 0x00000006c2780000, 0x000000076b600000)
  object space 5632K, 10% used [0x00000006c2200000,0x00000006c2295030,0x00000006c2780000)
 Metaspace       used 6056K, capacity 7182K, committed 7552K, reserved 1056768K
  class space    used 756K, capacity 778K, committed 896K, reserved 1048576K
Event: 0.307 GC heap after
Heap after GC invocations=5 (full 0):
 PSYoungGen      total 3584K, used 480K [0x000000076b600000, 0x000000076be00000, 0x00000007c0000000)
  eden space 3072K, 0% used [0x000000076b600000,0x000000076b600000,0x000000076b900000)
  from space 512K, 93% used [0x000000076b900000,0x000000076b978020,0x000000076b980000)
  to   space 1024K, 0% used [0x000000076bd00000,0x000000076bd00000,0x000000076be00000)
 ParOldGen       total 5632K, used 932K [0x00000006c2200000, 0x00000006c2780000, 0x000000076b600000)
  object space 5632K, 16% used [0x00000006c2200000,0x00000006c22e9060,0x00000006c2780000)
 Metaspace       used 6056K, capacity 7182K, committed 7552K, reserved 1056768K
  class space    used 756K, capacity 778K, committed 896K, reserved 1048576K
}
Event: 0.377 GC heap before
{Heap before GC invocations=6 (full 0):
 PSYoungGen      total 3584K, used 3523K [0x000000076b600000, 0x000000076be00000, 0x00000007c0000000)
  eden space 3072K, 99% used [0x000000076b600000,0x000000076b8f8f48,0x000000076b900000)
  from space 512K, 93% used [0x000000076b900000,0x000000076b978020,0x000000076b980000)
  to   space 1024K, 0% used [0x000000076bd00000,0x000000076bd00000,0x000000076be00000)
 ParOldGen       total 5632K, used 932K [0x00000006c2200000, 0x00000006c2780000, 0x000000076b600000)
  object space 5632K, 16% used [0x00000006c2200000,0x00000006c22e9060,0x00000006c2780000)
 Metaspace       used 7218K, capacity 8084K, committed 8448K, reserved 1056768K
  class space    used 884K, capacity 912K, committed 1024K, reserved 1048576K
Event: 0.379 GC heap after
Heap after GC invocations=6 (full 0):
 PSYoungGen      total 6656K, used 1024K [0x000000076b600000, 0x000000076bf00000, 0x00000007c0000000)
  eden space 5632K, 0% used [0x000000076b600000,0x000000076b600000,0x000000076bb80000)
  from space 1024K, 100% used [0x000000076bd00000,0x000000076be00000,0x000000076be00000)
  to   space 1536K, 0% used [0x000000076bb80000,0x000000076bb80000,0x000000076bd00000)
 ParOldGen       total 5632K, used 1080K [0x00000006c2200000, 0x00000006c2780000, 0x000000076b600000)
  object space 5632K, 19% used [0x00000006c2200000,0x00000006c230e068,0x00000006c2780000)
 Metaspace       used 7218K, capacity 8084K, committed 8448K, reserved 1056768K
  class space    used 884K, capacity 912K, committed 1024K, reserved 1048576K
}

