# JRE version: Java(TM) SE Runtime Environment (8.0_152-b16) (build 1.8.0_152-b16)
# Java VM: Java HotSpot(TM) 64-Bit Server VM (25.152-b16 mixed mode windows-amd64 compressed oops)
Heap:
 PSYoungGen      total 6656K, used 2967K [0x000000076b600000, 0x000000076bd00000, 0x00000007c0000000)
  eden space 6144K, 40% used [0x000000076b600000,0x000000076b869d20,0x000000076bc00000)
  from space 512K, 96% used [0x000000076bc80000,0x000000076bcfc010,0x000000076bd00000)
  to   space 512K, 0% used [0x000000076bc00000,0x000000076bc00000,0x000000076bc80000)
 ParOldGen       total 5632K, used 920K [0x00000006c2200000, 0x00000006c2780000, 0x000000076b600000)
  object space 5632K, 16% used [0x00000006c2200000,0x00000006c22e6050,0x00000006c2780000)
 Metaspace       used 7060K, capacity 8020K, committed 8192K, reserved 1056768K
  class space    used 877K, capacity 912K, committed 1024K, reserved 1048576K
GC Heap History (4 events):
Event: 0.122 GC heap before
{Heap before GC invocations=1 (full 0):
 PSYoungGen      total 2048K, used 1536K [0x000000076b600000, 0x000000076b880000, 0x00000007c0000000)
  eden space 1536K, 100% used [0x000000076b600000,0x000000076b780000,0x000000076b780000)
  from space 512K, 0% used [0x000000076b800000,0x000000076b800000,0x000000076b880000)
  to   space 512K, 0% used [0x000000076b780000,0x000000076b780000,0x000000076b800000)
 ParOldGen       total 5632K, used 0K [0x00000006c2200000, 0x00000006c2780000, 0x000000076b600000)
  object space 5632K, 0% used [0x00000006c2200000,0x00000006c2200000,0x00000006c2780000)
 Metaspace       used 3401K, capacity 4812K, committed 5120K, reserved 1056768K
  class space    used 392K, capacity 456K, committed 512K, reserved 1048576K
Event: 0.124 GC heap after
Heap after GC invocations=1 (full 0):
 PSYoungGen      total 2048K, used 480K [0x000000076b600000, 0x000000076ba00000, 0x00000007c0000000)
  eden space 1536K, 0% used [0x000000076b600000,0x000000076b600000,0x000000076b780000)
  from space 512K, 93% used [0x000000076b780000,0x000000076b7f8020,0x000000076b800000)
  to   space 512K, 0% used [0x000000076b980000,0x000000076b980000,0x000000076ba00000)
 ParOldGen       total 5632K, used 56K [0x00000006c2200000, 0x00000006c2780000, 0x000000076b600000)
  object space 5632K, 0% used [0x00000006c2200000,0x00000006c220e000,0x00000006c2780000)
 Metaspace       used 3401K, capacity 4812K, committed 5120K, reserved 1056768K
  class space    used 392K, capacity 456K, committed 512K, reserved 1048576K
}
Event: 0.163 GC heap before
{Heap before GC invocations=2 (full 0):
 PSYoungGen      total 2048K, used 2006K [0x000000076b600000, 0x000000076ba00000, 0x00000007c0000000)
  eden space 1536K, 99% used [0x000000076b600000,0x000000076b77d848,0x000000076b780000)
  from space 512K, 93% used [0x000000076b780000,0x000000076b7f8020,0x000000076b800000)
  to   space 512K, 0% used [0x000000076b980000,0x000000076b980000,0x000000076ba00000)
 ParOldGen       total 5632K, used 56K [0x00000006c2200000, 0x00000006c2780000, 0x000000076b600000)
  object space 5632K, 0% used [0x00000006c2200000,0x00000006c220e000,0x00000006c2780000)
 Metaspace       used 4075K, capacity 5324K, committed 5504K, reserved 1056768K
  class space    used 484K, capacity 520K, committed 640K, reserved 1048576K
Event: 0.164 GC heap after
Heap after GC invocations=2 (full 0):
 PSYoungGen      total 3584K, used 480K [0x000000076b600000, 0x000000076ba00000, 0x00000007c0000000)
  eden space 3072K, 0% used [0x000000076b600000,0x000000076b600000,0x000000076b900000)
  from space 512K, 93% used [0x000000076b980000,0x000000076b9f8020,0x000000076ba00000)
  to   space 512K, 0% used [0x000000076b900000,0x000000076b900000,0x000000076b980000)
 ParOldGen       total 5632K, used 120K [0x00000006c2200000, 0x00000006c2780000, 0x000000076b600000)
  object space 5632K, 2% used [0x00000006c2200000,0x00000006c221e000,0x00000006c2780000)
 Metaspace       used 4075K, capacity 5324K, committed 5504K, reserved 1056768K
  class space    used 484K, capacity 520K, committed 640K, reserved 1048576K
}

